[0m[[0m[0mdebug[0m] [0m[0m> Exec(run, Some(f5954bc9-0897-4854-899b-82a115dd196f), Some(CommandSource(console0)))[0m
[0m[[0m[0mdebug[0m] [0m[0mEvaluating tasks: Compile / run[0m
[0m[[0m[0mdebug[0m] [0m[0mRunning task... Cancel: Signal, check cycles: false, forcegc: true[0m
[0m[[0m[31merror[0m] [0m[0mjava.lang.ArrayIndexOutOfBoundsException: Index 1 out of bounds for length 1[0m
[0m[[0m[31merror[0m] [0m[0m	at Connect4$.$anonfun$nextMove$1(Main.scala:110)[0m
[0m[[0m[31merror[0m] [0m[0m	at scala.collection.immutable.Range.foreach$mVc$sp(Range.scala:190)[0m
[0m[[0m[31merror[0m] [0m[0m	at Connect4$.nextMove(Main.scala:106)[0m
[0m[[0m[31merror[0m] [0m[0m	at Connect4$.main(Main.scala:46)[0m
[0m[[0m[31merror[0m] [0m[0m	at Connect4.main(Main.scala)[0m
[0m[[0m[31merror[0m] [0m[0m	at java.base/jdk.internal.reflect.DirectMethodHandleAccessor.invoke(DirectMethodHandleAccessor.java:104)[0m
[0m[[0m[31merror[0m] [0m[0m	at java.base/java.lang.reflect.Method.invoke(Method.java:578)[0m
[0m[[0m[31merror[0m] [0m[0m	at sbt.Run.invokeMain(Run.scala:143)[0m
[0m[[0m[31merror[0m] [0m[0m	at sbt.Run.execute$1(Run.scala:93)[0m
[0m[[0m[31merror[0m] [0m[0m	at sbt.Run.$anonfun$runWithLoader$5(Run.scala:120)[0m
[0m[[0m[31merror[0m] [0m[0m	at sbt.Run$.executeSuccess(Run.scala:186)[0m
[0m[[0m[31merror[0m] [0m[0m	at sbt.Run.runWithLoader(Run.scala:120)[0m
[0m[[0m[31merror[0m] [0m[0m	at sbt.Defaults$.$anonfun$bgRunTask$6(Defaults.scala:1980)[0m
[0m[[0m[31merror[0m] [0m[0m	at sbt.Defaults$.$anonfun$termWrapper$2(Defaults.scala:1919)[0m
[0m[[0m[31merror[0m] [0m[0m	at scala.runtime.java8.JFunction0$mcV$sp.apply(JFunction0$mcV$sp.java:23)[0m
[0m[[0m[31merror[0m] [0m[0m	at scala.util.Try$.apply(Try.scala:213)[0m
[0m[[0m[31merror[0m] [0m[0m	at sbt.internal.BackgroundThreadPool$BackgroundRunnable.run(DefaultBackgroundJobService.scala:369)[0m
[0m[[0m[31merror[0m] [0m[0m	at java.base/java.util.concurrent.ThreadPoolExecutor.runWorker(ThreadPoolExecutor.java:1144)[0m
[0m[[0m[31merror[0m] [0m[0m	at java.base/java.util.concurrent.ThreadPoolExecutor$Worker.run(ThreadPoolExecutor.java:642)[0m
[0m[[0m[31merror[0m] [0m[0m	at java.base/java.lang.Thread.run(Thread.java:1589)[0m
[0m[[0m[31merror[0m] [0m[0m(Compile / [31mrun[0m) java.lang.ArrayIndexOutOfBoundsException: Index 1 out of bounds for length 1[0m
[0m[[0m[31merror[0m] [0m[0mTotal time: 13 s, completed Jan 16, 2023, 11:56:06 PM[0m
[0m[[0m[0mdebug[0m] [0m[0m> Exec(shell, None, None)[0m
