[0m[[0m[0mdebug[0m] [0m[0m> Exec(run, Some(d10f8495-b959-4054-b14b-dd339e46c80f), Some(CommandSource(console0)))[0m
[0m[[0m[0mdebug[0m] [0m[0mEvaluating tasks: Compile / run[0m
[0m[[0m[0mdebug[0m] [0m[0mRunning task... Cancel: Signal, check cycles: false, forcegc: true[0m
[0m[[0m[0minfo[0m] [0m[0mcompiling 1 Scala source to C:\Users\amarg\OneDrive\Desktop\Connect4IBU\target\scala-2.13\classes ...[0m
[0m[[0m[33mwarn[0m] [0m[0m2 deprecations (since 2.13.0)[0m
[0m[[0m[33mwarn[0m] [0m[0m2 deprecations (since 2.13.3)[0m
[0m[[0m[33mwarn[0m] [0m[0m4 deprecations in total; re-run with -deprecation for details[0m
[0m[[0m[33mwarn[0m] [0m[0mthree warnings found[0m
[0m[[0m[31merror[0m] [0m[0mjava.lang.NumberFormatException: For input string: ""[0m
[0m[[0m[31merror[0m] [0m[0m	at java.base/java.lang.NumberFormatException.forInputString(NumberFormatException.java:67)[0m
[0m[[0m[31merror[0m] [0m[0m	at java.base/java.lang.Integer.parseInt(Integer.java:675)[0m
[0m[[0m[31merror[0m] [0m[0m	at java.base/java.lang.Integer.parseInt(Integer.java:781)[0m
[0m[[0m[31merror[0m] [0m[0m	at scala.collection.StringOps$.toInt$extension(StringOps.scala:908)[0m
[0m[[0m[31merror[0m] [0m[0m	at Connect4$.play(Main.scala:194)[0m
[0m[[0m[31merror[0m] [0m[0m	at Connect4$.main(Main.scala:37)[0m
[0m[[0m[31merror[0m] [0m[0m	at Connect4.main(Main.scala)[0m
[0m[[0m[31merror[0m] [0m[0m	at java.base/jdk.internal.reflect.DirectMethodHandleAccessor.invoke(DirectMethodHandleAccessor.java:104)[0m
[0m[[0m[31merror[0m] [0m[0m	at java.base/java.lang.reflect.Method.invoke(Method.java:578)[0m
[0m[[0m[31merror[0m] [0m[0m	at sbt.Run.invokeMain(Run.scala:143)[0m
[0m[[0m[31merror[0m] [0m[0m	at sbt.Run.execute$1(Run.scala:93)[0m
[0m[[0m[31merror[0m] [0m[0m	at sbt.Run.$anonfun$runWithLoader$5(Run.scala:120)[0m
[0m[[0m[31merror[0m] [0m[0m	at sbt.Run$.executeSuccess(Run.scala:186)[0m
[0m[[0m[31merror[0m] [0m[0m	at sbt.Run.runWithLoader(Run.scala:120)[0m
[0m[[0m[31merror[0m] [0m[0m	at sbt.Defaults$.$anonfun$bgRunTask$6(Defaults.scala:1980)[0m
[0m[[0m[31merror[0m] [0m[0m	at sbt.Defaults$.$anonfun$termWrapper$2(Defaults.scala:1919)[0m
[0m[[0m[31merror[0m] [0m[0m	at scala.runtime.java8.JFunction0$mcV$sp.apply(JFunction0$mcV$sp.java:23)[0m
[0m[[0m[31merror[0m] [0m[0m	at scala.util.Try$.apply(Try.scala:213)[0m
[0m[[0m[31merror[0m] [0m[0m	at sbt.internal.BackgroundThreadPool$BackgroundRunnable.run(DefaultBackgroundJobService.scala:369)[0m
[0m[[0m[31merror[0m] [0m[0m	at java.base/java.util.concurrent.ThreadPoolExecutor.runWorker(ThreadPoolExecutor.java:1144)[0m
[0m[[0m[31merror[0m] [0m[0m	at java.base/java.util.concurrent.ThreadPoolExecutor$Worker.run(ThreadPoolExecutor.java:642)[0m
[0m[[0m[31merror[0m] [0m[0m	at java.base/java.lang.Thread.run(Thread.java:1589)[0m
[0m[[0m[31merror[0m] [0m[0m(Compile / [31mrun[0m) java.lang.NumberFormatException: For input string: ""[0m
[0m[[0m[31merror[0m] [0m[0mTotal time: 40 s, completed Jan 17, 2023, 4:35:25 AM[0m
[0m[[0m[0mdebug[0m] [0m[0m> Exec(shell, None, None)[0m
